CREATE frontend/README.md (1069 bytes)
CREATE frontend/.editorconfig (314 bytes)
CREATE frontend/.gitignore (587 bytes)
CREATE frontend/angular.json (2598 bytes)
CREATE frontend/package.json (1040 bytes)
CREATE frontend/tsconfig.json (1012 bytes)
CREATE frontend/tsconfig.app.json (424 bytes)
CREATE frontend/tsconfig.spec.json (434 bytes)
CREATE frontend/.vscode/extensions.json (130 bytes)
CREATE frontend/.vscode/launch.json (470 bytes)
CREATE frontend/.vscode/tasks.json (938 bytes)
CREATE frontend/src/main.ts (250 bytes)
CREATE frontend/src/index.html (294 bytes)
CREATE frontend/src/styles.css (80 bytes)
CREATE frontend/src/app/app.component.css (0 bytes)
CREATE frontend/src/app/app.component.html (19903 bytes)
CREATE frontend/src/app/app.component.spec.ts (922 bytes)
CREATE frontend/src/app/app.component.ts (304 bytes)
CREATE frontend/src/app/app.config.ts (310 bytes)
CREATE frontend/src/app/app.routes.ts (77 bytes)
CREATE frontend/public/favicon.ico (15086 bytes)
